[2019-08-12 14:57:53,342] WARN Writing to metrics Kafka topic will be disabled (io.confluent.support.metrics.PhoneHomeConfig:61)
[2019-08-12 14:57:53,345] WARN Enforcing customer ID 'anonymous' (io.confluent.support.metrics.PhoneHomeConfig:66)
[2019-08-12 14:57:53,352] WARN Please note that the version check feature of KSQL is enabled.  With this enabled, this instance is configured to collect and report anonymously the version information to Confluent, Inc. ("Confluent") or its parent, subsidiaries, affiliates or service providers every 24hours.  This Metadata may be transferred to any country in which Confluent maintains facilities.  For a more in depth discussion of how Confluent processes such information, please read our Privacy Policy located at http://www.confluent.io/privacy. By proceeding with `confluent.support.metrics.enable=true`, you agree to all such collection, transfer and use of Version information by Confluent. You can turn the version check  feature off by setting `confluent.support.metrics.enable=false` in the KSQL configuration and restarting the KSQL.  See the Confluent Platform documentation for further information. (io.confluent.ksql.version.metrics.KsqlVersionCheckerAgent:90)
[2019-08-12 15:22:32,169] ERROR Query timed out after PT2S
com.datastax.oss.driver.api.core.DriverTimeoutException.copy(DriverTimeoutException.java:34)
com.datastax.oss.driver.internal.core.util.concurrent.CompletableFutures.getUninterruptibly(CompletableFutures.java:148)
com.datastax.oss.driver.internal.core.cql.CqlRequestSyncProcessor.process(CqlRequestSyncProcessor.java:53)
com.datastax.oss.driver.internal.core.cql.CqlRequestSyncProcessor.process(CqlRequestSyncProcessor.java:30)
com.datastax.oss.driver.internal.core.session.DefaultSession.execute(DefaultSession.java:208)
com.datastax.oss.driver.api.core.CqlSession.execute(CqlSession.java:47)
com.datastax.oss.driver.api.core.CqlSession.execute(CqlSession.java:56)
io.confluent.ksql.engine.MaterializedQueryExecutor.executeQuery(MaterializedQueryExecutor.java:73)
io.confluent.ksql.rest.server.resources.streaming.StreamedQueryResource.handleMaterializedQuery(StreamedQueryResource.java:215)
io.confluent.ksql.rest.server.resources.streaming.StreamedQueryResource.handleQuery(StreamedQueryResource.java:190)
io.confluent.ksql.rest.server.resources.streaming.StreamedQueryResource.handleStatement(StreamedQueryResource.java:149)
io.confluent.ksql.rest.server.resources.streaming.StreamedQueryResource.streamQuery(StreamedQueryResource.java:116)
sun.reflect.GeneratedMethodAccessor50.invoke(Unknown Source)
sun.reflect.DelegatingMethodAccessorImpl.invoke(DelegatingMethodAccessorImpl.java:43)
java.lang.reflect.Method.invoke(Method.java:498)
org.glassfish.jersey.server.model.internal.ResourceMethodInvocationHandlerFactory.lambda$static$0(ResourceMethodInvocationHandlerFactory.java:76)
org.glassfish.jersey.server.model.internal.AbstractJavaResourceMethodDispatcher$1.run(AbstractJavaResourceMethodDispatcher.java:148)
org.glassfish.jersey.server.model.internal.AbstractJavaResourceMethodDispatcher.invoke(AbstractJavaResourceMethodDispatcher.java:191)
org.glassfish.jersey.server.model.internal.JavaResourceMethodDispatcherProvider$ResponseOutInvoker.doDispatch(JavaResourceMethodDispatcherProvider.java:200)
org.glassfish.jersey.server.model.internal.AbstractJavaResourceMethodDispatcher.dispatch(AbstractJavaResourceMethodDispatcher.java:103)
org.glassfish.jersey.server.model.ResourceMethodInvoker.invoke(ResourceMethodInvoker.java:493)
org.glassfish.jersey.server.model.ResourceMethodInvoker.apply(ResourceMethodInvoker.java:415)
org.glassfish.jersey.server.model.ResourceMethodInvoker.apply(ResourceMethodInvoker.java:104)
org.glassfish.jersey.server.ServerRuntime$1.run(ServerRuntime.java:277)
org.glassfish.jersey.internal.Errors$1.call(Errors.java:272)
org.glassfish.jersey.internal.Errors$1.call(Errors.java:268)
org.glassfish.jersey.internal.Errors.process(Errors.java:316)
org.glassfish.jersey.internal.Errors.process(Errors.java:298)
org.glassfish.jersey.internal.Errors.process(Errors.java:268)
org.glassfish.jersey.process.internal.RequestScope.runInScope(RequestScope.java:289)
org.glassfish.jersey.server.ServerRuntime.process(ServerRuntime.java:256)
org.glassfish.jersey.server.ApplicationHandler.handle(ApplicationHandler.java:703)
org.glassfish.jersey.servlet.WebComponent.serviceImpl(WebComponent.java:416)
org.glassfish.jersey.servlet.ServletContainer.serviceImpl(ServletContainer.java:409)
org.glassfish.jersey.servlet.ServletContainer.doFilter(ServletContainer.java:584)
org.glassfish.jersey.servlet.ServletContainer.doFilter(ServletContainer.java:525)
org.glassfish.jersey.servlet.ServletContainer.doFilter(ServletContainer.java:462)
org.eclipse.jetty.servlet.ServletHandler$CachedChain.doFilter(ServletHandler.java:1610)
org.eclipse.jetty.servlet.ServletHandler.doHandle(ServletHandler.java:540)
org.eclipse.jetty.server.handler.ScopedHandler.nextHandle(ScopedHandler.java:255)
org.eclipse.jetty.server.session.SessionHandler.doHandle(SessionHandler.java:1700)
org.eclipse.jetty.server.handler.ScopedHandler.nextHandle(ScopedHandler.java:255)
org.eclipse.jetty.server.handler.ContextHandler.doHandle(ContextHandler.java:1345)
org.eclipse.jetty.server.handler.ScopedHandler.nextScope(ScopedHandler.java:203)
org.eclipse.jetty.servlet.ServletHandler.doScope(ServletHandler.java:480)
org.eclipse.jetty.server.session.SessionHandler.doScope(SessionHandler.java:1667)
org.eclipse.jetty.server.handler.ScopedHandler.nextScope(ScopedHandler.java:201)
org.eclipse.jetty.server.handler.ContextHandler.doScope(ContextHandler.java:1247)
org.eclipse.jetty.server.handler.ScopedHandler.handle(ScopedHandler.java:144)
org.eclipse.jetty.server.handler.HandlerCollection.handle(HandlerCollection.java:152)
org.eclipse.jetty.server.handler.StatisticsHandler.handle(StatisticsHandler.java:174)
org.eclipse.jetty.server.handler.ContextHandlerCollection.handle(ContextHandlerCollection.java:220)
org.eclipse.jetty.server.handler.gzip.GzipHandler.handle(GzipHandler.java:753)
org.eclipse.jetty.server.handler.HandlerWrapper.handle(HandlerWrapper.java:132)
org.eclipse.jetty.server.Server.handle(Server.java:505)
org.eclipse.jetty.server.HttpChannel.handle(HttpChannel.java:370)
org.eclipse.jetty.server.HttpConnection.onFillable(HttpConnection.java:267)
org.eclipse.jetty.io.AbstractConnection$ReadCallback.succeeded(AbstractConnection.java:305)
org.eclipse.jetty.io.FillInterest.fillable(FillInterest.java:103)
org.eclipse.jetty.io.ChannelEndPoint$2.run(ChannelEndPoint.java:117)
org.eclipse.jetty.util.thread.strategy.EatWhatYouKill.runTask(EatWhatYouKill.java:333)
org.eclipse.jetty.util.thread.strategy.EatWhatYouKill.doProduce(EatWhatYouKill.java:310)
org.eclipse.jetty.util.thread.strategy.EatWhatYouKill.tryProduce(EatWhatYouKill.java:168)
org.eclipse.jetty.util.thread.strategy.EatWhatYouKill.run(EatWhatYouKill.java:126)
org.eclipse.jetty.util.thread.ReservedThreadExecutor$ReservedThread.run(ReservedThreadExecutor.java:366)
org.eclipse.jetty.util.thread.QueuedThreadPool.runJob(QueuedThreadPool.java:698)
org.eclipse.jetty.util.thread.QueuedThreadPool$Runner.run(QueuedThreadPool.java:804)
java.lang.Thread.run(Thread.java:748)
 (io.confluent.ksql.cli.console.Console:300)
[2019-08-12 15:23:47,133] ERROR  (io.confluent.ksql.cli.Cli:163)
io.confluent.ksql.rest.client.exception.KsqlRestClientException: Error issuing POST to KSQL server. path:query
	at io.confluent.ksql.rest.client.RestClient.postRequest(RestClient.java:146)
	at io.confluent.ksql.rest.client.RestClient.postRequest(RestClient.java:144)
	at io.confluent.ksql.rest.client.RestClient.postRequest(RestClient.java:144)
	at io.confluent.ksql.rest.client.RestClient.postRequest(RestClient.java:144)
	at io.confluent.ksql.rest.client.RestClient.postRequest(RestClient.java:144)
	at io.confluent.ksql.rest.client.KsqlRestClient.makeQueryRequest(KsqlRestClient.java:156)
	at io.confluent.ksql.cli.Cli.makeKsqlRequest(Cli.java:136)
	at io.confluent.ksql.cli.Cli.handleStreamedQuery(Cli.java:341)
	at io.confluent.ksql.cli.Cli.printOrDisplayQueryResults(Cli.java:296)
	at io.confluent.ksql.cli.Cli.handleStatements(Cli.java:262)
	at io.confluent.ksql.cli.Cli.handleLine(Cli.java:218)
	at io.confluent.ksql.cli.Cli.runInteractively(Cli.java:157)
	at io.confluent.ksql.Ksql.run(Ksql.java:103)
	at io.confluent.ksql.Ksql.main(Ksql.java:71)
Caused by: javax.ws.rs.ProcessingException: java.net.SocketTimeoutException: Read timed out
	at org.glassfish.jersey.client.internal.HttpUrlConnector.apply(HttpUrlConnector.java:284)
	at org.glassfish.jersey.client.ClientRuntime.invoke(ClientRuntime.java:278)
	at org.glassfish.jersey.client.JerseyInvocation.lambda$invoke$0(JerseyInvocation.java:753)
	at org.glassfish.jersey.internal.Errors.process(Errors.java:316)
	at org.glassfish.jersey.internal.Errors.process(Errors.java:298)
	at org.glassfish.jersey.internal.Errors.process(Errors.java:229)
	at org.glassfish.jersey.process.internal.RequestScope.runInScope(RequestScope.java:414)
	at org.glassfish.jersey.client.JerseyInvocation.invoke(JerseyInvocation.java:752)
	at org.glassfish.jersey.client.JerseyInvocation$Builder.method(JerseyInvocation.java:445)
	at org.glassfish.jersey.client.JerseyInvocation$Builder.post(JerseyInvocation.java:351)
	at io.confluent.ksql.rest.client.RestClient.postRequest(RestClient.java:135)
	... 13 more
Caused by: java.net.SocketTimeoutException: Read timed out
	at java.net.SocketInputStream.socketRead0(Native Method)
	at java.net.SocketInputStream.socketRead(SocketInputStream.java:116)
	at java.net.SocketInputStream.read(SocketInputStream.java:171)
	at java.net.SocketInputStream.read(SocketInputStream.java:141)
	at java.io.BufferedInputStream.fill(BufferedInputStream.java:246)
	at java.io.BufferedInputStream.read1(BufferedInputStream.java:286)
	at java.io.BufferedInputStream.read(BufferedInputStream.java:345)
	at sun.net.www.http.HttpClient.parseHTTPHeader(HttpClient.java:735)
	at sun.net.www.http.HttpClient.parseHTTP(HttpClient.java:678)
	at sun.net.www.protocol.http.HttpURLConnection.getInputStream0(HttpURLConnection.java:1587)
	at sun.net.www.protocol.http.HttpURLConnection.getInputStream(HttpURLConnection.java:1492)
	at java.net.HttpURLConnection.getResponseCode(HttpURLConnection.java:480)
	at org.glassfish.jersey.client.internal.HttpUrlConnector._apply(HttpUrlConnector.java:390)
	at org.glassfish.jersey.client.internal.HttpUrlConnector.apply(HttpUrlConnector.java:282)
	... 23 more
[2019-08-12 15:29:45,731] ERROR  (io.confluent.ksql.cli.Cli:163)
io.confluent.ksql.rest.client.exception.KsqlRestClientException: Error issuing POST to KSQL server. path:query
	at io.confluent.ksql.rest.client.RestClient.postRequest(RestClient.java:146)
	at io.confluent.ksql.rest.client.RestClient.postRequest(RestClient.java:144)
	at io.confluent.ksql.rest.client.RestClient.postRequest(RestClient.java:144)
	at io.confluent.ksql.rest.client.RestClient.postRequest(RestClient.java:144)
	at io.confluent.ksql.rest.client.RestClient.postRequest(RestClient.java:144)
	at io.confluent.ksql.rest.client.KsqlRestClient.makeQueryRequest(KsqlRestClient.java:156)
	at io.confluent.ksql.cli.Cli.makeKsqlRequest(Cli.java:136)
	at io.confluent.ksql.cli.Cli.handleStreamedQuery(Cli.java:341)
	at io.confluent.ksql.cli.Cli.printOrDisplayQueryResults(Cli.java:296)
	at io.confluent.ksql.cli.Cli.handleStatements(Cli.java:262)
	at io.confluent.ksql.cli.Cli.handleLine(Cli.java:218)
	at io.confluent.ksql.cli.Cli.runInteractively(Cli.java:157)
	at io.confluent.ksql.Ksql.run(Ksql.java:103)
	at io.confluent.ksql.Ksql.main(Ksql.java:71)
Caused by: javax.ws.rs.ProcessingException: java.net.SocketTimeoutException: Read timed out
	at org.glassfish.jersey.client.internal.HttpUrlConnector.apply(HttpUrlConnector.java:284)
	at org.glassfish.jersey.client.ClientRuntime.invoke(ClientRuntime.java:278)
	at org.glassfish.jersey.client.JerseyInvocation.lambda$invoke$0(JerseyInvocation.java:753)
	at org.glassfish.jersey.internal.Errors.process(Errors.java:316)
	at org.glassfish.jersey.internal.Errors.process(Errors.java:298)
	at org.glassfish.jersey.internal.Errors.process(Errors.java:229)
	at org.glassfish.jersey.process.internal.RequestScope.runInScope(RequestScope.java:414)
	at org.glassfish.jersey.client.JerseyInvocation.invoke(JerseyInvocation.java:752)
	at org.glassfish.jersey.client.JerseyInvocation$Builder.method(JerseyInvocation.java:445)
	at org.glassfish.jersey.client.JerseyInvocation$Builder.post(JerseyInvocation.java:351)
	at io.confluent.ksql.rest.client.RestClient.postRequest(RestClient.java:135)
	... 13 more
Caused by: java.net.SocketTimeoutException: Read timed out
	at java.net.SocketInputStream.socketRead0(Native Method)
	at java.net.SocketInputStream.socketRead(SocketInputStream.java:116)
	at java.net.SocketInputStream.read(SocketInputStream.java:171)
	at java.net.SocketInputStream.read(SocketInputStream.java:141)
	at java.io.BufferedInputStream.fill(BufferedInputStream.java:246)
	at java.io.BufferedInputStream.read1(BufferedInputStream.java:286)
	at java.io.BufferedInputStream.read(BufferedInputStream.java:345)
	at sun.net.www.http.HttpClient.parseHTTPHeader(HttpClient.java:735)
	at sun.net.www.http.HttpClient.parseHTTP(HttpClient.java:678)
	at sun.net.www.protocol.http.HttpURLConnection.getInputStream0(HttpURLConnection.java:1587)
	at sun.net.www.protocol.http.HttpURLConnection.getInputStream(HttpURLConnection.java:1492)
	at java.net.HttpURLConnection.getResponseCode(HttpURLConnection.java:480)
	at org.glassfish.jersey.client.internal.HttpUrlConnector._apply(HttpUrlConnector.java:390)
	at org.glassfish.jersey.client.internal.HttpUrlConnector.apply(HttpUrlConnector.java:282)
	... 23 more
