[2019-07-02 17:22:21,584] WARN Writing to metrics Kafka topic will be disabled (io.confluent.support.metrics.PhoneHomeConfig:61)
[2019-07-02 17:22:21,586] WARN Enforcing customer ID 'anonymous' (io.confluent.support.metrics.PhoneHomeConfig:66)
[2019-07-02 17:22:21,592] WARN Please note that the version check feature of KSQL is enabled.  With this enabled, this instance is configured to collect and report anonymously the version information to Confluent, Inc. ("Confluent") or its parent, subsidiaries, affiliates or service providers every 24hours.  This Metadata may be transferred to any country in which Confluent maintains facilities.  For a more in depth discussion of how Confluent processes such information, please read our Privacy Policy located at http://www.confluent.io/privacy. By proceeding with `confluent.support.metrics.enable=true`, you agree to all such collection, transfer and use of Version information by Confluent. You can turn the version check  feature off by setting `confluent.support.metrics.enable=false` in the KSQL configuration and restarting the KSQL.  See the Confluent Platform documentation for further information. (io.confluent.ksql.version.metrics.KsqlVersionCheckerAgent:90)
[2019-07-02 17:22:22,549] ERROR Failed to submit metrics via secure endpoint, falling back to insecure endpoint (io.confluent.support.metrics.submitters.ConfluentSubmitter:132)
[2019-07-02 17:22:22,639] ERROR Failed to submit metrics to Confluent via insecure endpoint=http://version-check.confluent.io/ksql/anon -- giving up (io.confluent.support.metrics.submitters.ConfluentSubmitter:162)
[2019-07-02 17:22:27,533] ERROR  (io.confluent.ksql.cli.Cli:161)
io.confluent.ksql.rest.client.exception.KsqlRestClientException: Error issuing POST to KSQL server. path:ksql
	at io.confluent.ksql.rest.client.RestClient.postRequest(RestClient.java:146)
	at io.confluent.ksql.rest.client.KsqlRestClient.makeKsqlRequest(KsqlRestClient.java:141)
	at io.confluent.ksql.cli.Cli.makeKsqlRequest(Cli.java:134)
	at io.confluent.ksql.cli.Cli.makeKsqlRequest(Cli.java:122)
	at io.confluent.ksql.cli.Cli.handleStatements(Cli.java:280)
	at io.confluent.ksql.cli.Cli.handleLine(Cli.java:216)
	at io.confluent.ksql.cli.Cli.runInteractively(Cli.java:155)
	at io.confluent.ksql.Ksql.run(Ksql.java:103)
	at io.confluent.ksql.Ksql.main(Ksql.java:71)
Caused by: javax.ws.rs.ProcessingException: java.net.ConnectException: Connection refused (Connection refused)
	at org.glassfish.jersey.client.internal.HttpUrlConnector.apply(HttpUrlConnector.java:284)
	at org.glassfish.jersey.client.ClientRuntime.invoke(ClientRuntime.java:278)
	at org.glassfish.jersey.client.JerseyInvocation.lambda$invoke$0(JerseyInvocation.java:753)
	at org.glassfish.jersey.internal.Errors.process(Errors.java:316)
	at org.glassfish.jersey.internal.Errors.process(Errors.java:298)
	at org.glassfish.jersey.internal.Errors.process(Errors.java:229)
	at org.glassfish.jersey.process.internal.RequestScope.runInScope(RequestScope.java:414)
	at org.glassfish.jersey.client.JerseyInvocation.invoke(JerseyInvocation.java:752)
	at org.glassfish.jersey.client.JerseyInvocation$Builder.method(JerseyInvocation.java:445)
	at org.glassfish.jersey.client.JerseyInvocation$Builder.post(JerseyInvocation.java:351)
	at io.confluent.ksql.rest.client.RestClient.postRequest(RestClient.java:135)
	... 8 more
Caused by: java.net.ConnectException: Connection refused (Connection refused)
	at java.net.PlainSocketImpl.socketConnect(Native Method)
	at java.net.AbstractPlainSocketImpl.doConnect(AbstractPlainSocketImpl.java:350)
	at java.net.AbstractPlainSocketImpl.connectToAddress(AbstractPlainSocketImpl.java:206)
	at java.net.AbstractPlainSocketImpl.connect(AbstractPlainSocketImpl.java:188)
	at java.net.SocksSocketImpl.connect(SocksSocketImpl.java:392)
	at java.net.Socket.connect(Socket.java:589)
	at sun.net.NetworkClient.doConnect(NetworkClient.java:175)
	at sun.net.www.http.HttpClient.openServer(HttpClient.java:463)
	at sun.net.www.http.HttpClient.openServer(HttpClient.java:558)
	at sun.net.www.http.HttpClient.<init>(HttpClient.java:242)
	at sun.net.www.http.HttpClient.New(HttpClient.java:339)
	at sun.net.www.http.HttpClient.New(HttpClient.java:357)
	at sun.net.www.protocol.http.HttpURLConnection.getNewHttpClient(HttpURLConnection.java:1220)
	at sun.net.www.protocol.http.HttpURLConnection.plainConnect0(HttpURLConnection.java:1156)
	at sun.net.www.protocol.http.HttpURLConnection.plainConnect(HttpURLConnection.java:1050)
	at sun.net.www.protocol.http.HttpURLConnection.connect(HttpURLConnection.java:984)
	at sun.net.www.protocol.http.HttpURLConnection.getOutputStream0(HttpURLConnection.java:1334)
	at sun.net.www.protocol.http.HttpURLConnection.getOutputStream(HttpURLConnection.java:1309)
	at org.glassfish.jersey.client.internal.HttpUrlConnector.lambda$_apply$0(HttpUrlConnector.java:382)
	at org.glassfish.jersey.message.internal.CommittingOutputStream.commitStream(CommittingOutputStream.java:195)
	at org.glassfish.jersey.message.internal.CommittingOutputStream.commitStream(CommittingOutputStream.java:189)
	at org.glassfish.jersey.message.internal.CommittingOutputStream.write(CommittingOutputStream.java:223)
	at org.glassfish.jersey.message.internal.WriterInterceptorExecutor$UnCloseableOutputStream.write(WriterInterceptorExecutor.java:300)
	at com.fasterxml.jackson.core.json.UTF8JsonGenerator._flushBuffer(UTF8JsonGenerator.java:2085)
	at com.fasterxml.jackson.core.json.UTF8JsonGenerator.flush(UTF8JsonGenerator.java:1097)
	at com.fasterxml.jackson.databind.ObjectWriter.writeValue(ObjectWriter.java:915)
	at com.fasterxml.jackson.jaxrs.base.ProviderBase.writeTo(ProviderBase.java:625)
	at org.glassfish.jersey.message.internal.WriterInterceptorExecutor$TerminalWriterInterceptor.invokeWriteTo(WriterInterceptorExecutor.java:266)
	at org.glassfish.jersey.message.internal.WriterInterceptorExecutor$TerminalWriterInterceptor.aroundWriteTo(WriterInterceptorExecutor.java:251)
	at org.glassfish.jersey.message.internal.WriterInterceptorExecutor.proceed(WriterInterceptorExecutor.java:163)
	at org.glassfish.jersey.message.internal.MessageBodyFactory.writeTo(MessageBodyFactory.java:1135)
	at org.glassfish.jersey.client.ClientRequest.doWriteEntity(ClientRequest.java:516)
	at org.glassfish.jersey.client.ClientRequest.writeEntity(ClientRequest.java:498)
	at org.glassfish.jersey.client.internal.HttpUrlConnector._apply(HttpUrlConnector.java:384)
	at org.glassfish.jersey.client.internal.HttpUrlConnector.apply(HttpUrlConnector.java:282)
	... 18 more
[2019-07-02 17:22:55,765] ERROR KSQL is not yet ready to serve requests.
 (io.confluent.ksql.cli.console.Console:284)
[2019-07-02 17:22:57,212] ERROR KSQL is not yet ready to serve requests.
 (io.confluent.ksql.cli.console.Console:284)
[2019-07-02 17:22:58,188] ERROR KSQL is not yet ready to serve requests.
 (io.confluent.ksql.cli.console.Console:284)
[2019-07-02 17:23:01,089] ERROR KSQL is not yet ready to serve requests.
 (io.confluent.ksql.cli.console.Console:284)
[2019-07-02 17:24:57,879] ERROR No value present
java.util.Optional.get(Optional.java:135)
io.confluent.ksql.rest.entity.ConnectRequest.cassandraConfigBuilder(ConnectRequest.java:113)
io.confluent.ksql.rest.entity.ConnectRequest.<init>(ConnectRequest.java:39)
io.confluent.ksql.rest.server.execution.CreateMaterializedViewExecutor.execute(CreateMaterializedViewExecutor.java:52)
io.confluent.ksql.rest.server.execution.CustomExecutors.execute(CustomExecutors.java:99)
io.confluent.ksql.rest.server.execution.RequestHandler.executeStatement(RequestHandler.java:111)
io.confluent.ksql.rest.server.execution.RequestHandler.execute(RequestHandler.java:93)
io.confluent.ksql.rest.server.resources.KsqlResource.handleKsqlStatements(KsqlResource.java:170)
sun.reflect.NativeMethodAccessorImpl.invoke0(Native Method)
sun.reflect.NativeMethodAccessorImpl.invoke(NativeMethodAccessorImpl.java:62)
sun.reflect.DelegatingMethodAccessorImpl.invoke(DelegatingMethodAccessorImpl.java:43)
java.lang.reflect.Method.invoke(Method.java:498)
org.glassfish.jersey.server.model.internal.ResourceMethodInvocationHandlerFactory.lambda$static$0(ResourceMethodInvocationHandlerFactory.java:76)
org.glassfish.jersey.server.model.internal.AbstractJavaResourceMethodDispatcher$1.run(AbstractJavaResourceMethodDispatcher.java:148)
org.glassfish.jersey.server.model.internal.AbstractJavaResourceMethodDispatcher.invoke(AbstractJavaResourceMethodDispatcher.java:191)
org.glassfish.jersey.server.model.internal.JavaResourceMethodDispatcherProvider$ResponseOutInvoker.doDispatch(JavaResourceMethodDispatcherProvider.java:200)
org.glassfish.jersey.server.model.internal.AbstractJavaResourceMethodDispatcher.dispatch(AbstractJavaResourceMethodDispatcher.java:103)
org.glassfish.jersey.server.model.ResourceMethodInvoker.invoke(ResourceMethodInvoker.java:493)
org.glassfish.jersey.server.model.ResourceMethodInvoker.apply(ResourceMethodInvoker.java:415)
org.glassfish.jersey.server.model.ResourceMethodInvoker.apply(ResourceMethodInvoker.java:104)
org.glassfish.jersey.server.ServerRuntime$1.run(ServerRuntime.java:277)
org.glassfish.jersey.internal.Errors$1.call(Errors.java:272)
org.glassfish.jersey.internal.Errors$1.call(Errors.java:268)
org.glassfish.jersey.internal.Errors.process(Errors.java:316)
org.glassfish.jersey.internal.Errors.process(Errors.java:298)
org.glassfish.jersey.internal.Errors.process(Errors.java:268)
org.glassfish.jersey.process.internal.RequestScope.runInScope(RequestScope.java:289)
org.glassfish.jersey.server.ServerRuntime.process(ServerRuntime.java:256)
org.glassfish.jersey.server.ApplicationHandler.handle(ApplicationHandler.java:703)
org.glassfish.jersey.servlet.WebComponent.serviceImpl(WebComponent.java:416)
org.glassfish.jersey.servlet.ServletContainer.serviceImpl(ServletContainer.java:409)
org.glassfish.jersey.servlet.ServletContainer.doFilter(ServletContainer.java:584)
org.glassfish.jersey.servlet.ServletContainer.doFilter(ServletContainer.java:525)
org.glassfish.jersey.servlet.ServletContainer.doFilter(ServletContainer.java:462)
org.eclipse.jetty.servlet.ServletHandler$CachedChain.doFilter(ServletHandler.java:1610)
org.eclipse.jetty.servlet.ServletHandler.doHandle(ServletHandler.java:540)
org.eclipse.jetty.server.handler.ScopedHandler.nextHandle(ScopedHandler.java:255)
org.eclipse.jetty.server.session.SessionHandler.doHandle(SessionHandler.java:1700)
org.eclipse.jetty.server.handler.ScopedHandler.nextHandle(ScopedHandler.java:255)
org.eclipse.jetty.server.handler.ContextHandler.doHandle(ContextHandler.java:1345)
org.eclipse.jetty.server.handler.ScopedHandler.nextScope(ScopedHandler.java:203)
org.eclipse.jetty.servlet.ServletHandler.doScope(ServletHandler.java:480)
org.eclipse.jetty.server.session.SessionHandler.doScope(SessionHandler.java:1667)
org.eclipse.jetty.server.handler.ScopedHandler.nextScope(ScopedHandler.java:201)
org.eclipse.jetty.server.handler.ContextHandler.doScope(ContextHandler.java:1247)
org.eclipse.jetty.server.handler.ScopedHandler.handle(ScopedHandler.java:144)
org.eclipse.jetty.server.handler.HandlerCollection.handle(HandlerCollection.java:152)
org.eclipse.jetty.server.handler.StatisticsHandler.handle(StatisticsHandler.java:174)
org.eclipse.jetty.server.handler.ContextHandlerCollection.handle(ContextHandlerCollection.java:220)
org.eclipse.jetty.server.handler.gzip.GzipHandler.handle(GzipHandler.java:753)
org.eclipse.jetty.server.handler.HandlerWrapper.handle(HandlerWrapper.java:132)
org.eclipse.jetty.server.Server.handle(Server.java:505)
org.eclipse.jetty.server.HttpChannel.handle(HttpChannel.java:370)
org.eclipse.jetty.server.HttpConnection.onFillable(HttpConnection.java:267)
org.eclipse.jetty.io.AbstractConnection$ReadCallback.succeeded(AbstractConnection.java:305)
org.eclipse.jetty.io.FillInterest.fillable(FillInterest.java:103)
org.eclipse.jetty.io.ChannelEndPoint$2.run(ChannelEndPoint.java:117)
org.eclipse.jetty.util.thread.strategy.EatWhatYouKill.runTask(EatWhatYouKill.java:333)
org.eclipse.jetty.util.thread.strategy.EatWhatYouKill.doProduce(EatWhatYouKill.java:310)
org.eclipse.jetty.util.thread.strategy.EatWhatYouKill.tryProduce(EatWhatYouKill.java:168)
org.eclipse.jetty.util.thread.strategy.EatWhatYouKill.produce(EatWhatYouKill.java:132)
org.eclipse.jetty.util.thread.QueuedThreadPool.runJob(QueuedThreadPool.java:698)
org.eclipse.jetty.util.thread.QueuedThreadPool$Runner.run(QueuedThreadPool.java:804)
java.lang.Thread.run(Thread.java:748)
 (io.confluent.ksql.cli.console.Console:284)
