[2019-08-12 13:58:58,792] WARN Writing to metrics Kafka topic will be disabled (io.confluent.support.metrics.PhoneHomeConfig:61)
[2019-08-12 13:58:58,797] WARN Enforcing customer ID 'anonymous' (io.confluent.support.metrics.PhoneHomeConfig:66)
[2019-08-12 13:58:58,810] WARN Please note that the version check feature of KSQL is enabled.  With this enabled, this instance is configured to collect and report anonymously the version information to Confluent, Inc. ("Confluent") or its parent, subsidiaries, affiliates or service providers every 24hours.  This Metadata may be transferred to any country in which Confluent maintains facilities.  For a more in depth discussion of how Confluent processes such information, please read our Privacy Policy located at http://www.confluent.io/privacy. By proceeding with `confluent.support.metrics.enable=true`, you agree to all such collection, transfer and use of Version information by Confluent. You can turn the version check  feature off by setting `confluent.support.metrics.enable=false` in the KSQL configuration and restarting the KSQL.  See the Confluent Platform documentation for further information. (io.confluent.ksql.version.metrics.KsqlVersionCheckerAgent:90)
[2019-08-12 13:59:03,454] ERROR  (io.confluent.ksql.cli.Cli:163)
io.confluent.ksql.rest.client.exception.KsqlRestClientException: Error issuing POST to KSQL server. path:ksql
	at io.confluent.ksql.rest.client.RestClient.postRequest(RestClient.java:146)
	at io.confluent.ksql.rest.client.KsqlRestClient.makeKsqlRequest(KsqlRestClient.java:141)
	at io.confluent.ksql.cli.Cli.makeKsqlRequest(Cli.java:136)
	at io.confluent.ksql.cli.Cli.makeKsqlRequest(Cli.java:124)
	at io.confluent.ksql.cli.Cli.handleStatements(Cli.java:282)
	at io.confluent.ksql.cli.Cli.handleLine(Cli.java:218)
	at io.confluent.ksql.cli.Cli.runInteractively(Cli.java:157)
	at io.confluent.ksql.Ksql.run(Ksql.java:103)
	at io.confluent.ksql.Ksql.main(Ksql.java:71)
Caused by: javax.ws.rs.ProcessingException: java.net.ConnectException: Connection refused (Connection refused)
	at org.glassfish.jersey.client.internal.HttpUrlConnector.apply(HttpUrlConnector.java:284)
	at org.glassfish.jersey.client.ClientRuntime.invoke(ClientRuntime.java:278)
	at org.glassfish.jersey.client.JerseyInvocation.lambda$invoke$0(JerseyInvocation.java:753)
	at org.glassfish.jersey.internal.Errors.process(Errors.java:316)
	at org.glassfish.jersey.internal.Errors.process(Errors.java:298)
	at org.glassfish.jersey.internal.Errors.process(Errors.java:229)
	at org.glassfish.jersey.process.internal.RequestScope.runInScope(RequestScope.java:414)
	at org.glassfish.jersey.client.JerseyInvocation.invoke(JerseyInvocation.java:752)
	at org.glassfish.jersey.client.JerseyInvocation$Builder.method(JerseyInvocation.java:445)
	at org.glassfish.jersey.client.JerseyInvocation$Builder.post(JerseyInvocation.java:351)
	at io.confluent.ksql.rest.client.RestClient.postRequest(RestClient.java:135)
	... 8 more
Caused by: java.net.ConnectException: Connection refused (Connection refused)
	at java.net.PlainSocketImpl.socketConnect(Native Method)
	at java.net.AbstractPlainSocketImpl.doConnect(AbstractPlainSocketImpl.java:350)
	at java.net.AbstractPlainSocketImpl.connectToAddress(AbstractPlainSocketImpl.java:206)
	at java.net.AbstractPlainSocketImpl.connect(AbstractPlainSocketImpl.java:188)
	at java.net.SocksSocketImpl.connect(SocksSocketImpl.java:392)
	at java.net.Socket.connect(Socket.java:589)
	at sun.net.NetworkClient.doConnect(NetworkClient.java:175)
	at sun.net.www.http.HttpClient.openServer(HttpClient.java:463)
	at sun.net.www.http.HttpClient.openServer(HttpClient.java:558)
	at sun.net.www.http.HttpClient.<init>(HttpClient.java:242)
	at sun.net.www.http.HttpClient.New(HttpClient.java:339)
	at sun.net.www.http.HttpClient.New(HttpClient.java:357)
	at sun.net.www.protocol.http.HttpURLConnection.getNewHttpClient(HttpURLConnection.java:1220)
	at sun.net.www.protocol.http.HttpURLConnection.plainConnect0(HttpURLConnection.java:1156)
	at sun.net.www.protocol.http.HttpURLConnection.plainConnect(HttpURLConnection.java:1050)
	at sun.net.www.protocol.http.HttpURLConnection.connect(HttpURLConnection.java:984)
	at sun.net.www.protocol.http.HttpURLConnection.getOutputStream0(HttpURLConnection.java:1334)
	at sun.net.www.protocol.http.HttpURLConnection.getOutputStream(HttpURLConnection.java:1309)
	at org.glassfish.jersey.client.internal.HttpUrlConnector.lambda$_apply$0(HttpUrlConnector.java:382)
	at org.glassfish.jersey.message.internal.CommittingOutputStream.commitStream(CommittingOutputStream.java:195)
	at org.glassfish.jersey.message.internal.CommittingOutputStream.commitStream(CommittingOutputStream.java:189)
	at org.glassfish.jersey.message.internal.CommittingOutputStream.write(CommittingOutputStream.java:223)
	at org.glassfish.jersey.message.internal.WriterInterceptorExecutor$UnCloseableOutputStream.write(WriterInterceptorExecutor.java:300)
	at com.fasterxml.jackson.core.json.UTF8JsonGenerator._flushBuffer(UTF8JsonGenerator.java:2085)
	at com.fasterxml.jackson.core.json.UTF8JsonGenerator.flush(UTF8JsonGenerator.java:1097)
	at com.fasterxml.jackson.databind.ObjectWriter.writeValue(ObjectWriter.java:915)
	at com.fasterxml.jackson.jaxrs.base.ProviderBase.writeTo(ProviderBase.java:625)
	at org.glassfish.jersey.message.internal.WriterInterceptorExecutor$TerminalWriterInterceptor.invokeWriteTo(WriterInterceptorExecutor.java:266)
	at org.glassfish.jersey.message.internal.WriterInterceptorExecutor$TerminalWriterInterceptor.aroundWriteTo(WriterInterceptorExecutor.java:251)
	at org.glassfish.jersey.message.internal.WriterInterceptorExecutor.proceed(WriterInterceptorExecutor.java:163)
	at org.glassfish.jersey.message.internal.MessageBodyFactory.writeTo(MessageBodyFactory.java:1135)
	at org.glassfish.jersey.client.ClientRequest.doWriteEntity(ClientRequest.java:516)
	at org.glassfish.jersey.client.ClientRequest.writeEntity(ClientRequest.java:498)
	at org.glassfish.jersey.client.internal.HttpUrlConnector._apply(HttpUrlConnector.java:384)
	at org.glassfish.jersey.client.internal.HttpUrlConnector.apply(HttpUrlConnector.java:282)
	... 18 more
[2019-08-12 13:59:04,359] ERROR  (io.confluent.ksql.cli.Cli:163)
io.confluent.ksql.rest.client.exception.KsqlRestClientException: Error issuing POST to KSQL server. path:ksql
	at io.confluent.ksql.rest.client.RestClient.postRequest(RestClient.java:146)
	at io.confluent.ksql.rest.client.KsqlRestClient.makeKsqlRequest(KsqlRestClient.java:141)
	at io.confluent.ksql.cli.Cli.makeKsqlRequest(Cli.java:136)
	at io.confluent.ksql.cli.Cli.makeKsqlRequest(Cli.java:124)
	at io.confluent.ksql.cli.Cli.handleStatements(Cli.java:282)
	at io.confluent.ksql.cli.Cli.handleLine(Cli.java:218)
	at io.confluent.ksql.cli.Cli.runInteractively(Cli.java:157)
	at io.confluent.ksql.Ksql.run(Ksql.java:103)
	at io.confluent.ksql.Ksql.main(Ksql.java:71)
Caused by: javax.ws.rs.ProcessingException: java.net.ConnectException: Connection refused (Connection refused)
	at org.glassfish.jersey.client.internal.HttpUrlConnector.apply(HttpUrlConnector.java:284)
	at org.glassfish.jersey.client.ClientRuntime.invoke(ClientRuntime.java:278)
	at org.glassfish.jersey.client.JerseyInvocation.lambda$invoke$0(JerseyInvocation.java:753)
	at org.glassfish.jersey.internal.Errors.process(Errors.java:316)
	at org.glassfish.jersey.internal.Errors.process(Errors.java:298)
	at org.glassfish.jersey.internal.Errors.process(Errors.java:229)
	at org.glassfish.jersey.process.internal.RequestScope.runInScope(RequestScope.java:414)
	at org.glassfish.jersey.client.JerseyInvocation.invoke(JerseyInvocation.java:752)
	at org.glassfish.jersey.client.JerseyInvocation$Builder.method(JerseyInvocation.java:445)
	at org.glassfish.jersey.client.JerseyInvocation$Builder.post(JerseyInvocation.java:351)
	at io.confluent.ksql.rest.client.RestClient.postRequest(RestClient.java:135)
	... 8 more
Caused by: java.net.ConnectException: Connection refused (Connection refused)
	at java.net.PlainSocketImpl.socketConnect(Native Method)
	at java.net.AbstractPlainSocketImpl.doConnect(AbstractPlainSocketImpl.java:350)
	at java.net.AbstractPlainSocketImpl.connectToAddress(AbstractPlainSocketImpl.java:206)
	at java.net.AbstractPlainSocketImpl.connect(AbstractPlainSocketImpl.java:188)
	at java.net.SocksSocketImpl.connect(SocksSocketImpl.java:392)
	at java.net.Socket.connect(Socket.java:589)
	at sun.net.NetworkClient.doConnect(NetworkClient.java:175)
	at sun.net.www.http.HttpClient.openServer(HttpClient.java:463)
	at sun.net.www.http.HttpClient.openServer(HttpClient.java:558)
	at sun.net.www.http.HttpClient.<init>(HttpClient.java:242)
	at sun.net.www.http.HttpClient.New(HttpClient.java:339)
	at sun.net.www.http.HttpClient.New(HttpClient.java:357)
	at sun.net.www.protocol.http.HttpURLConnection.getNewHttpClient(HttpURLConnection.java:1220)
	at sun.net.www.protocol.http.HttpURLConnection.plainConnect0(HttpURLConnection.java:1156)
	at sun.net.www.protocol.http.HttpURLConnection.plainConnect(HttpURLConnection.java:1050)
	at sun.net.www.protocol.http.HttpURLConnection.connect(HttpURLConnection.java:984)
	at sun.net.www.protocol.http.HttpURLConnection.getOutputStream0(HttpURLConnection.java:1334)
	at sun.net.www.protocol.http.HttpURLConnection.getOutputStream(HttpURLConnection.java:1309)
	at org.glassfish.jersey.client.internal.HttpUrlConnector.lambda$_apply$0(HttpUrlConnector.java:382)
	at org.glassfish.jersey.message.internal.CommittingOutputStream.commitStream(CommittingOutputStream.java:195)
	at org.glassfish.jersey.message.internal.CommittingOutputStream.commitStream(CommittingOutputStream.java:189)
	at org.glassfish.jersey.message.internal.CommittingOutputStream.write(CommittingOutputStream.java:223)
	at org.glassfish.jersey.message.internal.WriterInterceptorExecutor$UnCloseableOutputStream.write(WriterInterceptorExecutor.java:300)
	at com.fasterxml.jackson.core.json.UTF8JsonGenerator._flushBuffer(UTF8JsonGenerator.java:2085)
	at com.fasterxml.jackson.core.json.UTF8JsonGenerator.flush(UTF8JsonGenerator.java:1097)
	at com.fasterxml.jackson.databind.ObjectWriter.writeValue(ObjectWriter.java:915)
	at com.fasterxml.jackson.jaxrs.base.ProviderBase.writeTo(ProviderBase.java:625)
	at org.glassfish.jersey.message.internal.WriterInterceptorExecutor$TerminalWriterInterceptor.invokeWriteTo(WriterInterceptorExecutor.java:266)
	at org.glassfish.jersey.message.internal.WriterInterceptorExecutor$TerminalWriterInterceptor.aroundWriteTo(WriterInterceptorExecutor.java:251)
	at org.glassfish.jersey.message.internal.WriterInterceptorExecutor.proceed(WriterInterceptorExecutor.java:163)
	at org.glassfish.jersey.message.internal.MessageBodyFactory.writeTo(MessageBodyFactory.java:1135)
	at org.glassfish.jersey.client.ClientRequest.doWriteEntity(ClientRequest.java:516)
	at org.glassfish.jersey.client.ClientRequest.writeEntity(ClientRequest.java:498)
	at org.glassfish.jersey.client.internal.HttpUrlConnector._apply(HttpUrlConnector.java:384)
	at org.glassfish.jersey.client.internal.HttpUrlConnector.apply(HttpUrlConnector.java:282)
	... 18 more
[2019-08-12 13:59:05,437] ERROR KSQL is not yet ready to serve requests.
 (io.confluent.ksql.cli.console.Console:300)
[2019-08-12 13:59:06,428] ERROR KSQL is not yet ready to serve requests.
 (io.confluent.ksql.cli.console.Console:300)
[2019-08-12 13:59:07,019] ERROR KSQL is not yet ready to serve requests.
 (io.confluent.ksql.cli.console.Console:300)
[2019-08-12 13:59:07,579] ERROR KSQL is not yet ready to serve requests.
 (io.confluent.ksql.cli.console.Console:300)
[2019-08-12 13:59:08,123] ERROR KSQL is not yet ready to serve requests.
 (io.confluent.ksql.cli.console.Console:300)
[2019-08-12 13:59:08,652] ERROR KSQL is not yet ready to serve requests.
 (io.confluent.ksql.cli.console.Console:300)
[2019-08-12 13:59:09,298] ERROR KSQL is not yet ready to serve requests.
 (io.confluent.ksql.cli.console.Console:300)
[2019-08-12 13:59:10,140] ERROR KSQL is not yet ready to serve requests.
 (io.confluent.ksql.cli.console.Console:300)
[2019-08-12 13:59:10,802] ERROR KSQL is not yet ready to serve requests.
 (io.confluent.ksql.cli.console.Console:300)
[2019-08-12 14:01:45,678] ERROR Function 'CONCAT' does not accept parameters of types:[]
Statement: select * from pageviews where rowtime > concat() limit 5;
 (io.confluent.ksql.cli.console.Console:300)
[2019-08-12 14:02:00,733] ERROR Failed to generate code for SqlPredicate. filterExpression: (PAGEVIEWS.ROWTIME > CONCAT('2019', '-01-01')), schema:[`PAGEVIEWS.ROWKEY` STRING KEY, `PAGEVIEWS.ROWTIME` BIGINT, `PAGEVIEWS.ROWKEY` STRING, `PAGEVIEWS.VIEWTIME` BIGINT, `PAGEVIEWS.USERID` STRING, `PAGEVIEWS.PAGEID` STRING]
Statement: select * from pageviews where rowtime > concat('2019', '-01-01') limit 5;
 (io.confluent.ksql.cli.console.Console:300)
[2019-08-12 14:02:24,158] ERROR Failed to generate code for SqlPredicate. filterExpression: (PAGEVIEWS.ROWTIME = CONCAT('2019', '-01-01')), schema:[`PAGEVIEWS.ROWKEY` STRING KEY, `PAGEVIEWS.ROWTIME` BIGINT, `PAGEVIEWS.ROWKEY` STRING, `PAGEVIEWS.VIEWTIME` BIGINT, `PAGEVIEWS.USERID` STRING, `PAGEVIEWS.PAGEID` STRING]
Statement: select * from pageviews where rowtime = concat('2019', '-01-01') limit 5;
 (io.confluent.ksql.cli.console.Console:300)
[2019-08-12 14:03:01,746] ERROR Failed to generate code for SqlPredicate. filterExpression: (PAGEVIEWS.ROWTIME > TRIM('fd')), schema:[`PAGEVIEWS.ROWKEY` STRING KEY, `PAGEVIEWS.ROWTIME` BIGINT, `PAGEVIEWS.ROWKEY` STRING, `PAGEVIEWS.VIEWTIME` BIGINT, `PAGEVIEWS.USERID` STRING, `PAGEVIEWS.PAGEID` STRING]
Statement: select * from pageviews where rowtime > trim('fd') limit 5;
 (io.confluent.ksql.cli.console.Console:300)
[2019-08-12 14:03:26,514] ERROR Failed to generate code for SqlPredicate. filterExpression: (PAGEVIEWS.VIEWTIME = TRIM('User_2')), schema:[`PAGEVIEWS.ROWKEY` STRING KEY, `PAGEVIEWS.ROWTIME` BIGINT, `PAGEVIEWS.ROWKEY` STRING, `PAGEVIEWS.VIEWTIME` BIGINT, `PAGEVIEWS.USERID` STRING, `PAGEVIEWS.PAGEID` STRING]
Statement: select * from pageviews where viewtime = trim('User_2') limit 5;
 (io.confluent.ksql.cli.console.Console:300)
[2019-08-12 14:06:45,223] ERROR Failed to generate code for SqlPredicate. filterExpression: (CAST(PAGEVIEWS.ROWTIME AS BIGINT) > '2019'), schema:[`PAGEVIEWS.ROWKEY` STRING KEY, `PAGEVIEWS.ROWTIME` BIGINT, `PAGEVIEWS.ROWKEY` STRING, `PAGEVIEWS.VIEWTIME` BIGINT, `PAGEVIEWS.USERID` STRING, `PAGEVIEWS.PAGEID` STRING]
Statement: select * from pageviews where cast(rowtime as bigint) > '2019' limit 5;
 (io.confluent.ksql.cli.console.Console:300)
[2019-08-12 14:30:51,272] ERROR  (io.confluent.ksql.cli.Cli:163)
io.confluent.ksql.rest.client.exception.KsqlRestClientException: Error issuing POST to KSQL server. path:query
	at io.confluent.ksql.rest.client.RestClient.postRequest(RestClient.java:146)
	at io.confluent.ksql.rest.client.RestClient.postRequest(RestClient.java:144)
	at io.confluent.ksql.rest.client.RestClient.postRequest(RestClient.java:144)
	at io.confluent.ksql.rest.client.RestClient.postRequest(RestClient.java:144)
	at io.confluent.ksql.rest.client.RestClient.postRequest(RestClient.java:144)
	at io.confluent.ksql.rest.client.KsqlRestClient.makeQueryRequest(KsqlRestClient.java:156)
	at io.confluent.ksql.cli.Cli.makeKsqlRequest(Cli.java:136)
	at io.confluent.ksql.cli.Cli.handleStreamedQuery(Cli.java:341)
	at io.confluent.ksql.cli.Cli.printOrDisplayQueryResults(Cli.java:296)
	at io.confluent.ksql.cli.Cli.handleStatements(Cli.java:262)
	at io.confluent.ksql.cli.Cli.handleLine(Cli.java:218)
	at io.confluent.ksql.cli.Cli.runInteractively(Cli.java:157)
	at io.confluent.ksql.Ksql.run(Ksql.java:103)
	at io.confluent.ksql.Ksql.main(Ksql.java:71)
Caused by: javax.ws.rs.ProcessingException: java.net.SocketTimeoutException: Read timed out
	at org.glassfish.jersey.client.internal.HttpUrlConnector.apply(HttpUrlConnector.java:284)
	at org.glassfish.jersey.client.ClientRuntime.invoke(ClientRuntime.java:278)
	at org.glassfish.jersey.client.JerseyInvocation.lambda$invoke$0(JerseyInvocation.java:753)
	at org.glassfish.jersey.internal.Errors.process(Errors.java:316)
	at org.glassfish.jersey.internal.Errors.process(Errors.java:298)
	at org.glassfish.jersey.internal.Errors.process(Errors.java:229)
	at org.glassfish.jersey.process.internal.RequestScope.runInScope(RequestScope.java:414)
	at org.glassfish.jersey.client.JerseyInvocation.invoke(JerseyInvocation.java:752)
	at org.glassfish.jersey.client.JerseyInvocation$Builder.method(JerseyInvocation.java:445)
	at org.glassfish.jersey.client.JerseyInvocation$Builder.post(JerseyInvocation.java:351)
	at io.confluent.ksql.rest.client.RestClient.postRequest(RestClient.java:135)
	... 13 more
Caused by: java.net.SocketTimeoutException: Read timed out
	at java.net.SocketInputStream.socketRead0(Native Method)
	at java.net.SocketInputStream.socketRead(SocketInputStream.java:116)
	at java.net.SocketInputStream.read(SocketInputStream.java:171)
	at java.net.SocketInputStream.read(SocketInputStream.java:141)
	at java.io.BufferedInputStream.fill(BufferedInputStream.java:246)
	at java.io.BufferedInputStream.read1(BufferedInputStream.java:286)
	at java.io.BufferedInputStream.read(BufferedInputStream.java:345)
	at sun.net.www.http.HttpClient.parseHTTPHeader(HttpClient.java:735)
	at sun.net.www.http.HttpClient.parseHTTP(HttpClient.java:678)
	at sun.net.www.protocol.http.HttpURLConnection.getInputStream0(HttpURLConnection.java:1587)
	at sun.net.www.protocol.http.HttpURLConnection.getInputStream(HttpURLConnection.java:1492)
	at java.net.HttpURLConnection.getResponseCode(HttpURLConnection.java:480)
	at org.glassfish.jersey.client.internal.HttpUrlConnector._apply(HttpUrlConnector.java:390)
	at org.glassfish.jersey.client.internal.HttpUrlConnector.apply(HttpUrlConnector.java:282)
	... 23 more
[2019-08-12 14:34:29,496] ERROR Failed to prepare statement: PAGEIEWS does not exist.
 (io.confluent.ksql.cli.console.Console:300)
[2019-08-12 14:34:32,756] ERROR Function 'IFNULL' does not accept parameters of types:[BIGINT]
Statement: select ifnull(rowtime) from pageviews;
 (io.confluent.ksql.cli.console.Console:300)
[2019-08-12 14:34:49,176] ERROR Function 'IFNULL' does not accept parameters of types:[BIGINT, BIGINT]
Statement: select ifnull(rowtime, rowtime) from pageviews;
 (io.confluent.ksql.cli.console.Console:300)
[2019-08-12 14:35:21,373] ERROR Function 'LEN' does not accept parameters of types:[VARCHAR, VARCHAR]
Statement: select len(userid, userid) from pageviews;
 (io.confluent.ksql.cli.console.Console:300)
