[2019-08-12 16:20:55,536] WARN Writing to metrics Kafka topic will be disabled (io.confluent.support.metrics.PhoneHomeConfig:61)
[2019-08-12 16:20:55,540] WARN Enforcing customer ID 'anonymous' (io.confluent.support.metrics.PhoneHomeConfig:66)
[2019-08-12 16:20:55,547] WARN Please note that the version check feature of KSQL is enabled.  With this enabled, this instance is configured to collect and report anonymously the version information to Confluent, Inc. ("Confluent") or its parent, subsidiaries, affiliates or service providers every 24hours.  This Metadata may be transferred to any country in which Confluent maintains facilities.  For a more in depth discussion of how Confluent processes such information, please read our Privacy Policy located at http://www.confluent.io/privacy. By proceeding with `confluent.support.metrics.enable=true`, you agree to all such collection, transfer and use of Version information by Confluent. You can turn the version check  feature off by setting `confluent.support.metrics.enable=false` in the KSQL configuration and restarting the KSQL.  See the Confluent Platform documentation for further information. (io.confluent.ksql.version.metrics.KsqlVersionCheckerAgent:90)
[2019-08-12 16:24:39,881] ERROR  (io.confluent.ksql.cli.Cli:163)
io.confluent.ksql.rest.client.exception.KsqlRestClientException: Error issuing POST to KSQL server. path:query
	at io.confluent.ksql.rest.client.RestClient.postRequest(RestClient.java:146)
	at io.confluent.ksql.rest.client.RestClient.postRequest(RestClient.java:144)
	at io.confluent.ksql.rest.client.RestClient.postRequest(RestClient.java:144)
	at io.confluent.ksql.rest.client.RestClient.postRequest(RestClient.java:144)
	at io.confluent.ksql.rest.client.RestClient.postRequest(RestClient.java:144)
	at io.confluent.ksql.rest.client.KsqlRestClient.makeQueryRequest(KsqlRestClient.java:156)
	at io.confluent.ksql.cli.Cli.makeKsqlRequest(Cli.java:136)
	at io.confluent.ksql.cli.Cli.handleStreamedQuery(Cli.java:341)
	at io.confluent.ksql.cli.Cli.printOrDisplayQueryResults(Cli.java:296)
	at io.confluent.ksql.cli.Cli.handleStatements(Cli.java:262)
	at io.confluent.ksql.cli.Cli.handleLine(Cli.java:218)
	at io.confluent.ksql.cli.Cli.runInteractively(Cli.java:157)
	at io.confluent.ksql.Ksql.run(Ksql.java:103)
	at io.confluent.ksql.Ksql.main(Ksql.java:71)
Caused by: javax.ws.rs.ProcessingException: java.net.SocketTimeoutException: Read timed out
	at org.glassfish.jersey.client.internal.HttpUrlConnector.apply(HttpUrlConnector.java:284)
	at org.glassfish.jersey.client.ClientRuntime.invoke(ClientRuntime.java:278)
	at org.glassfish.jersey.client.JerseyInvocation.lambda$invoke$0(JerseyInvocation.java:753)
	at org.glassfish.jersey.internal.Errors.process(Errors.java:316)
	at org.glassfish.jersey.internal.Errors.process(Errors.java:298)
	at org.glassfish.jersey.internal.Errors.process(Errors.java:229)
	at org.glassfish.jersey.process.internal.RequestScope.runInScope(RequestScope.java:414)
	at org.glassfish.jersey.client.JerseyInvocation.invoke(JerseyInvocation.java:752)
	at org.glassfish.jersey.client.JerseyInvocation$Builder.method(JerseyInvocation.java:445)
	at org.glassfish.jersey.client.JerseyInvocation$Builder.post(JerseyInvocation.java:351)
	at io.confluent.ksql.rest.client.RestClient.postRequest(RestClient.java:135)
	... 13 more
Caused by: java.net.SocketTimeoutException: Read timed out
	at java.net.SocketInputStream.socketRead0(Native Method)
	at java.net.SocketInputStream.socketRead(SocketInputStream.java:116)
	at java.net.SocketInputStream.read(SocketInputStream.java:171)
	at java.net.SocketInputStream.read(SocketInputStream.java:141)
	at java.io.BufferedInputStream.fill(BufferedInputStream.java:246)
	at java.io.BufferedInputStream.read1(BufferedInputStream.java:286)
	at java.io.BufferedInputStream.read(BufferedInputStream.java:345)
	at sun.net.www.http.HttpClient.parseHTTPHeader(HttpClient.java:735)
	at sun.net.www.http.HttpClient.parseHTTP(HttpClient.java:678)
	at sun.net.www.protocol.http.HttpURLConnection.getInputStream0(HttpURLConnection.java:1587)
	at sun.net.www.protocol.http.HttpURLConnection.getInputStream(HttpURLConnection.java:1492)
	at java.net.HttpURLConnection.getResponseCode(HttpURLConnection.java:480)
	at org.glassfish.jersey.client.internal.HttpUrlConnector._apply(HttpUrlConnector.java:390)
	at org.glassfish.jersey.client.internal.HttpUrlConnector.apply(HttpUrlConnector.java:282)
	... 23 more
